SCNUPin/app/build/outputs/logs/manifest-merger-debug-report.txt
-- Merging decision tree log ---
manifest
ADDED from src\main\AndroidManifest.xml:2:1-88:12
INJECTED from src\main\AndroidManifest.xml:2:1-88:12
INJECTED from src\main\AndroidManifest.xml:2:1-88:12
MERGED from [io.reactivex.rxjava2:rxandroid:2.0.1] AndroidManifest.xml:15:1-21:12
MERGED from [com.android.support:design:26.1.0] AndroidManifest.xml:17:1-31:12
MERGED from [com.rengwuxian.materialedittext:library:2.1.4] AndroidManifest.xml:2:1-10:12
MERGED from [com.zhihu.android:matisse:0.4.3] AndroidManifest.xml:17:1-33:12
MERGED from [com.taishi-y:flipprogressdialog:0.1.0] AndroidManifest.xml:2:1-17:12
MERGED from [com.lzy.widget:ninegridview:0.2.0] AndroidManifest.xml:2:1-21:12
MERGED from [com.android.support:appcompat-v7:26.1.0] AndroidManifest.xml:17:1-31:12
MERGED from [com.android.support:recyclerview-v7:26.1.0] AndroidManifest.xml:17:1-28:12
MERGED from [com.android.support:cardview-v7:26.1.0] AndroidManifest.xml:17:1-28:12
MERGED from [de.hdodenhof:circleimageview:2.2.0] AndroidManifest.xml:2:1-11:12
MERGED from [com.yalantis:phoenix:1.2.3] AndroidManifest.xml:2:1-12:12
MERGED from [com.jakewharton:butterknife:8.8.1] AndroidManifest.xml:2:1-7:12
MERGED from [com.github.yoavst:androidKotlin:1.5.1] AndroidManifest.xml:2:1-13:12
MERGED from [com.github.chrisbanes:PhotoView:2.1.3] AndroidManifest.xml:2:1-12:12
MERGED from [nl.dionsegijn:konfetti:1.1.0] AndroidManifest.xml:2:1-13:12
MERGED from [com.github.pwittchen:weathericonview:1.1.0] AndroidManifest.xml:2:1-14:12
MERGED from [com.android.support.constraint:constraint-layout:1.0.2] AndroidManifest.xml:2:1-11:12
MERGED from [cn.bmob.android:bmob-im:2.1.5] AndroidManifest.xml:2:1-17:12
MERGED from [cn.bmob.android:bmob-sdk:3.7.8] AndroidManifest.xml:2:1-16:12
MERGED from [com.android.support:transition:26.1.0] AndroidManifest.xml:17:1-28:12
MERGED from [com.github.chrisbanes.photoview:library:1.2.4] AndroidManifest.xml:2:1-11:12
MERGED from [com.android.support:support-v4:26.1.0] AndroidManifest.xml:17:1-31:12
MERGED from [com.android.support:support-media-compat:26.1.0] AndroidManifest.xml:17:1-31:12
MERGED from [com.android.support:support-fragment:26.1.0] AndroidManifest.xml:17:1-31:12
MERGED from [com.android.support:animated-vector-drawable:26.1.0] AndroidManifest.xml:17:1-28:12
MERGED from [com.android.support:support-core-ui:26.1.0] AndroidManifest.xml:17:1-31:12
MERGED from [com.android.support:support-vector-drawable:26.1.0] AndroidManifest.xml:17:1-28:12
MERGED from [com.android.support:support-core-utils:26.1.0] AndroidManifest.xml:17:1-31:12
MERGED from [com.android.support:support-compat:26.1.0] AndroidManifest.xml:17:1-31:12
MERGED from [it.sephiroth.android.library.imagezoom:library:1.0.4] AndroidManifest.xml:1:106-7:12
MERGED from [it.sephiroth.android.library.easing:library:1.0.2] AndroidManifest.xml:1:116-8:12
MERGED from [android.arch.lifecycle:runtime:1.0.0] AndroidManifest.xml:17:1-30:12
INJECTED from src\main\AndroidManifest.xml:2:1-88:12
INJECTED from src\main\AndroidManifest.xml:2:1-88:12
	package
		ADDED from src\main\AndroidManifest.xml:3:5-37
	android:versionName
		INJECTED from src\main\AndroidManifest.xml
		ADDED from src\main\AndroidManifest.xml:2:1-88:12
		INJECTED from src\main\AndroidManifest.xml
	android:versionCode
		INJECTED from src\main\AndroidManifest.xml
		ADDED from src\main\AndroidManifest.xml:2:1-88:12
		INJECTED from src\main\AndroidManifest.xml
	xmlns:android
		ADDED from src\main\AndroidManifest.xml:2:11-69
uses-permission#android.permission.INTERNET
ADDED from src\main\AndroidManifest.xml:5:5-67
MERGED from [com.lzy.widget:ninegridview:0.2.0] AndroidManifest.xml:11:5-67
MERGED from [com.lzy.widget:ninegridview:0.2.0] AndroidManifest.xml:11:5-67
	android:name
		ADDED from src\main\AndroidManifest.xml:5:22-64
uses-permission#android.permission.ACCESS_NETWORK_STATE
ADDED from src\main\AndroidManifest.xml:6:5-79
	android:name
		ADDED from src\main\AndroidManifest.xml:6:22-76
uses-permission#android.permission.ACCESS_WIFI_STATE
ADDED from src\main\AndroidManifest.xml:7:5-76
	android:name
		ADDED from src\main\AndroidManifest.xml:7:22-73
uses-permission#android.permission.WAKE_LOCK
ADDED from src\main\AndroidManifest.xml:8:5-68
	android:name
		ADDED from src\main\AndroidManifest.xml:8:22-65
uses-permission#android.permission.WRITE_EXTERNAL_STORAGE
ADDED from src\main\AndroidManifest.xml:9:5-81
MERGED from [com.zhihu.android:matisse:0.4.3] AndroidManifest.xml:24:5-81
MERGED from [com.zhihu.android:matisse:0.4.3] AndroidManifest.xml:24:5-81
MERGED from [com.lzy.widget:ninegridview:0.2.0] AndroidManifest.xml:12:5-81
MERGED from [com.lzy.widget:ninegridview:0.2.0] AndroidManifest.xml:12:5-81
	android:name
		ADDED from src\main\AndroidManifest.xml:9:22-78
uses-permission#android.permission.READ_PHONE_STATE
ADDED from src\main\AndroidManifest.xml:10:5-75
	android:name
		ADDED from src\main\AndroidManifest.xml:10:22-72
uses-permission#android.permission.READ_EXTERNAL_STORAGE
ADDED from src\main\AndroidManifest.xml:11:5-80
MERGED from [com.zhihu.android:matisse:0.4.3] AndroidManifest.xml:25:5-80
MERGED from [com.zhihu.android:matisse:0.4.3] AndroidManifest.xml:25:5-80
MERGED from [com.lzy.widget:ninegridview:0.2.0] AndroidManifest.xml:13:5-80
MERGED from [com.lzy.widget:ninegridview:0.2.0] AndroidManifest.xml:13:5-80
	android:name
		ADDED from src\main\AndroidManifest.xml:11:22-77
uses-permission#android.permission.ACCESS_FINE_LOCATION
ADDED from src\main\AndroidManifest.xml:15:5-79
	android:name
		ADDED from src\main\AndroidManifest.xml:15:22-76
uses-permission#android.permission.ACCESS_COARSE_LOCATION
ADDED from src\main\AndroidManifest.xml:17:5-81
	android:name
		ADDED from src\main\AndroidManifest.xml:17:22-78
uses-permission#android.permission.CHANGE_WIFI_STATE
ADDED from src\main\AndroidManifest.xml:19:5-76
	android:name
		ADDED from src\main\AndroidManifest.xml:19:22-73
uses-permission#android.permission.CHANGE_NETWORK_STATE
ADDED from src\main\AndroidManifest.xml:21:5-79
	android:name
		ADDED from src\main\AndroidManifest.xml:21:22-76
uses-permission#android.permission.CAMERA
ADDED from src\main\AndroidManifest.xml:24:5-65
	android:name
		ADDED from src\main\AndroidManifest.xml:24:22-62
uses-permission#android.permission.RECORD_AUDIO
ADDED from src\main\AndroidManifest.xml:26:5-71
	android:name
		ADDED from src\main\AndroidManifest.xml:26:22-68
uses-permission#android.permission.VIBRATE
ADDED from src\main\AndroidManifest.xml:28:5-66
	android:name
		ADDED from src\main\AndroidManifest.xml:28:22-63
application
ADDED from src\main\AndroidManifest.xml:30:5-86:19
MERGED from [com.android.support:design:26.1.0] AndroidManifest.xml:25:5-29:19
MERGED from [com.android.support:design:26.1.0] AndroidManifest.xml:25:5-29:19
MERGED from [com.zhihu.android:matisse:0.4.3] AndroidManifest.xml:27:5-31:19
MERGED from [com.zhihu.android:matisse:0.4.3] AndroidManifest.xml:27:5-31:19
MERGED from [com.taishi-y:flipprogressdialog:0.1.0] AndroidManifest.xml:11:5-15:19
MERGED from [com.taishi-y:flipprogressdialog:0.1.0] AndroidManifest.xml:11:5-15:19
MERGED from [com.lzy.widget:ninegridview:0.2.0] AndroidManifest.xml:15:5-19:19
MERGED from [com.lzy.widget:ninegridview:0.2.0] AndroidManifest.xml:15:5-19:19
MERGED from [com.android.support:appcompat-v7:26.1.0] AndroidManifest.xml:25:5-29:19
MERGED from [com.android.support:appcompat-v7:26.1.0] AndroidManifest.xml:25:5-29:19
MERGED from [com.android.support:recyclerview-v7:26.1.0] AndroidManifest.xml:22:5-26:19
MERGED from [com.android.support:recyclerview-v7:26.1.0] AndroidManifest.xml:22:5-26:19
MERGED from [com.android.support:cardview-v7:26.1.0] AndroidManifest.xml:22:5-26:19
MERGED from [com.android.support:cardview-v7:26.1.0] AndroidManifest.xml:22:5-26:19
MERGED from [de.hdodenhof:circleimageview:2.2.0] AndroidManifest.xml:9:5-20
MERGED from [de.hdodenhof:circleimageview:2.2.0] AndroidManifest.xml:9:5-20
MERGED from [com.github.yoavst:androidKotlin:1.5.1] AndroidManifest.xml:11:5-20
MERGED from [com.github.yoavst:androidKotlin:1.5.1] AndroidManifest.xml:11:5-20
MERGED from [nl.dionsegijn:konfetti:1.1.0] AndroidManifest.xml:11:5-53
MERGED from [nl.dionsegijn:konfetti:1.1.0] AndroidManifest.xml:11:5-53
MERGED from [com.github.pwittchen:weathericonview:1.1.0] AndroidManifest.xml:12:5-20
MERGED from [com.github.pwittchen:weathericonview:1.1.0] AndroidManifest.xml:12:5-20
MERGED from [com.android.support.constraint:constraint-layout:1.0.2] AndroidManifest.xml:9:5-20
MERGED from [com.android.support.constraint:constraint-layout:1.0.2] AndroidManifest.xml:9:5-20
MERGED from [cn.bmob.android:bmob-im:2.1.5] AndroidManifest.xml:11:5-15:19
MERGED from [cn.bmob.android:bmob-im:2.1.5] AndroidManifest.xml:11:5-15:19
MERGED from [cn.bmob.android:bmob-sdk:3.7.8] AndroidManifest.xml:11:5-14:19
MERGED from [cn.bmob.android:bmob-sdk:3.7.8] AndroidManifest.xml:11:5-14:19
MERGED from [com.android.support:transition:26.1.0] AndroidManifest.xml:22:5-26:19
MERGED from [com.android.support:transition:26.1.0] AndroidManifest.xml:22:5-26:19
MERGED from [com.android.support:support-v4:26.1.0] AndroidManifest.xml:25:5-29:19
MERGED from [com.android.support:support-v4:26.1.0] AndroidManifest.xml:25:5-29:19
MERGED from [com.android.support:support-media-compat:26.1.0] AndroidManifest.xml:25:5-29:19
MERGED from [com.android.support:support-media-compat:26.1.0] AndroidManifest.xml:25:5-29:19
MERGED from [com.android.support:support-fragment:26.1.0] AndroidManifest.xml:25:5-29:19
MERGED from [com.android.support:support-fragment:26.1.0] AndroidManifest.xml:25:5-29:19
MERGED from [com.android.support:animated-vector-drawable:26.1.0] AndroidManifest.xml:22:5-26:19
MERGED from [com.android.support:animated-vector-drawable:26.1.0] AndroidManifest.xml:22:5-26:19
MERGED from [com.android.support:support-core-ui:26.1.0] AndroidManifest.xml:25:5-29:19
MERGED from [com.android.support:support-core-ui:26.1.0] AndroidManifest.xml:25:5-29:19
MERGED from [com.android.support:support-vector-drawable:26.1.0] AndroidManifest.xml:22:5-26:19
MERGED from [com.android.support:support-vector-drawable:26.1.0] AndroidManifest.xml:22:5-26:19
MERGED from [com.android.support:support-core-utils:26.1.0] AndroidManifest.xml:25:5-29:19
MERGED from [com.android.support:support-core-utils:26.1.0] AndroidManifest.xml:25:5-29:19
MERGED from [com.android.support:support-compat:26.1.0] AndroidManifest.xml:25:5-29:19
MERGED from [com.android.support:support-compat:26.1.0] AndroidManifest.xml:25:5-29:19
MERGED from [it.sephiroth.android.library.imagezoom:library:1.0.4] AndroidManifest.xml:5:5-19
MERGED from [it.sephiroth.android.library.imagezoom:library:1.0.4] AndroidManifest.xml:5:5-19
MERGED from [it.sephiroth.android.library.easing:library:1.0.2] AndroidManifest.xml:5:5-6:19
MERGED from [it.sephiroth.android.library.easing:library:1.0.2] AndroidManifest.xml:5:5-6:19
MERGED from [android.arch.lifecycle:runtime:1.0.0] AndroidManifest.xml:24:5-28:19
MERGED from [android.arch.lifecycle:runtime:1.0.0] AndroidManifest.xml:24:5-28:19
	android:supportsRtl
		ADDED from src\main\AndroidManifest.xml:35:9-35
	android:label
		ADDED from src\main\AndroidManifest.xml:34:9-41
	android:icon
		ADDED from src\main\AndroidManifest.xml:33:9-43
	android:allowBackup
		ADDED from src\main\AndroidManifest.xml:32:9-35
	android:theme
		ADDED from src\main\AndroidManifest.xml:36:9-40
	android:name
		ADDED from src\main\AndroidManifest.xml:31:9-42
meta-data#Bmob_APP_KEY
ADDED from src\main\AndroidManifest.xml:38:9-40:64
	android:value
		ADDED from src\main\AndroidManifest.xml:40:13-61
	android:name
		ADDED from src\main\AndroidManifest.xml:39:13-40
provider#cn.bmob.v3.util.BmobContentProvider
ADDED from src\main\AndroidManifest.xml:41:9-43:80
	android:authorities
		ADDED from src\main\AndroidManifest.xml:43:13-77
	android:name
		ADDED from src\main\AndroidManifest.xml:42:13-63
activity#me.Secondgroup.hnuplus.MainActivity
ADDED from src\main\AndroidManifest.xml:44:9-50:20
	android:name
		ADDED from src\main\AndroidManifest.xml:44:19-47
intent-filter#android.intent.action.MAIN+android.intent.category.LAUNCHER
ADDED from src\main\AndroidManifest.xml:45:13-49:29
action#android.intent.action.MAIN
ADDED from src\main\AndroidManifest.xml:46:17-69
	android:name
		ADDED from src\main\AndroidManifest.xml:46:25-66
category#android.intent.category.LAUNCHER
ADDED from src\main\AndroidManifest.xml:48:17-77
	android:name
		ADDED from src\main\AndroidManifest.xml:48:27-74
activity#me.Secondgroup.hnuplus.PostActivity
ADDED from src\main\AndroidManifest.xml:51:9-53:46
	android:theme
		ADDED from src\main\AndroidManifest.xml:53:13-43
	android:name
		ADDED from src\main\AndroidManifest.xml:52:13-41
activity#me.Secondgroup.hnuplus.CommentActivity
ADDED from src\main\AndroidManifest.xml:54:9-53
	android:name
		ADDED from src\main\AndroidManifest.xml:54:19-50
activity#me.Secondgroup.hnuplus.SigninActivity
ADDED from src\main\AndroidManifest.xml:55:9-57:74
	android:theme
		ADDED from src\main\AndroidManifest.xml:57:13-71
	android:name
		ADDED from src\main\AndroidManifest.xml:56:13-43
activity#me.Secondgroup.hnuplus.NoteActivity
ADDED from src\main\AndroidManifest.xml:58:9-50
	android:name
		ADDED from src\main\AndroidManifest.xml:58:19-47
activity#me.Secondgroup.hnuplus.NoteEditActivity
ADDED from src\main\AndroidManifest.xml:59:9-54
	android:name
		ADDED from src\main\AndroidManifest.xml:59:19-51
activity#me.Secondgroup.hnuplus.ChatActivity
ADDED from src\main\AndroidManifest.xml:60:9-50
	android:name
		ADDED from src\main\AndroidManifest.xml:60:19-47
receiver#cn.bmob.newim.core.ConnectChangeReceiver
ADDED from src\main\AndroidManifest.xml:63:9-70:20
	android:name
		ADDED from src\main\AndroidManifest.xml:63:19-74
intent-filter#android.intent.action.BOOT_COMPLETED+android.intent.action.USER_PRESENT+android.net.conn.CONNECTIVITY_CHANGE+cn.bmob.action.RECONNECT
ADDED from src\main\AndroidManifest.xml:64:13-69:29
action#cn.bmob.action.RECONNECT
ADDED from src\main\AndroidManifest.xml:65:17-67
	android:name
		ADDED from src\main\AndroidManifest.xml:65:25-64
action#android.net.conn.CONNECTIVITY_CHANGE
ADDED from src\main\AndroidManifest.xml:66:17-79
	android:name
		ADDED from src\main\AndroidManifest.xml:66:25-76
action#android.intent.action.BOOT_COMPLETED
ADDED from src\main\AndroidManifest.xml:67:17-79
	android:name
		ADDED from src\main\AndroidManifest.xml:67:25-76
action#android.intent.action.USER_PRESENT
ADDED from src\main\AndroidManifest.xml:68:17-77
	android:name
		ADDED from src\main\AndroidManifest.xml:68:25-74
service#cn.bmob.newim.core.service.BmobIMService
ADDED from src\main\AndroidManifest.xml:72:9-74:43
	android:process
		ADDED from src\main\AndroidManifest.xml:74:13-40
	android:name
		ADDED from src\main\AndroidManifest.xml:73:13-68
service#cn.bmob.newim.core.service.NotifyService
ADDED from src\main\AndroidManifest.xml:75:9-77:43
	android:process
		ADDED from src\main\AndroidManifest.xml:77:13-40
	android:name
		ADDED from src\main\AndroidManifest.xml:76:13-68
service#cn.bmob.newim.core.service.ReConnectService
ADDED from src\main\AndroidManifest.xml:78:9-79
	android:name
		ADDED from src\main\AndroidManifest.xml:78:18-76
service#cn.bmob.newim.core.service.HeartBeatService
ADDED from src\main\AndroidManifest.xml:79:9-79
	android:name
		ADDED from src\main\AndroidManifest.xml:79:18-76
activity#me.Secondgroup.hnuplus.BuyActivity
ADDED from src\main\AndroidManifest.xml:81:9-49
	android:name
		ADDED from src\main\AndroidManifest.xml:81:19-46
activity#me.Secondgroup.hnuplus.OrderActivity
ADDED from src\main\AndroidManifest.xml:82:9-51
	android:name
		ADDED from src\main\AndroidManifest.xml:82:19-48
activity#me.Secondgroup.hnuplus.MyOrderActivity
ADDED from src\main\AndroidManifest.xml:83:9-53
	android:name
		ADDED from src\main\AndroidManifest.xml:83:19-50
activity#me.Secondgroup.hnuplus.GetOrderActivity
ADDED from src\main\AndroidManifest.xml:84:9-54
	android:name
		ADDED from src\main\AndroidManifest.xml:84:19-51
activity#me.Secondgroup.hnuplus.PersonalActivity
ADDED from src\main\AndroidManifest.xml:85:9-63
	android:name
		ADDED from src\main\AndroidManifest.xml:85:19-51
uses-sdk
INJECTED from src\main\AndroidManifest.xml reason: use-sdk injection requested
INJECTED from src\main\AndroidManifest.xml
INJECTED from src\main\AndroidManifest.xml
MERGED from [io.reactivex.rxjava2:rxandroid:2.0.1] AndroidManifest.xml:19:5-43
MERGED from [io.reactivex.rxjava2:rxandroid:2.0.1] AndroidManifest.xml:19:5-43
MERGED from [com.android.support:design:26.1.0] AndroidManifest.xml:21:5-23:62
MERGED from [com.android.support:design:26.1.0] AndroidManifest.xml:21:5-23:62
MERGED from [com.rengwuxian.materialedittext:library:2.1.4] AndroidManifest.xml:6:5-8:41
MERGED from [com.rengwuxian.materialedittext:library:2.1.4] AndroidManifest.xml:6:5-8:41
MERGED from [com.zhihu.android:matisse:0.4.3] AndroidManifest.xml:20:5-22:41
MERGED from [com.zhihu.android:matisse:0.4.3] AndroidManifest.xml:20:5-22:41
MERGED from [com.taishi-y:flipprogressdialog:0.1.0] AndroidManifest.xml:7:5-9:41
MERGED from [com.taishi-y:flipprogressdialog:0.1.0] AndroidManifest.xml:7:5-9:41
MERGED from [com.lzy.widget:ninegridview:0.2.0] AndroidManifest.xml:7:5-9:41
MERGED from [com.lzy.widget:ninegridview:0.2.0] AndroidManifest.xml:7:5-9:41
MERGED from [com.android.support:appcompat-v7:26.1.0] AndroidManifest.xml:21:5-23:78
MERGED from [com.android.support:appcompat-v7:26.1.0] AndroidManifest.xml:21:5-23:78
MERGED from [com.android.support:recyclerview-v7:26.1.0] AndroidManifest.xml:20:5-44
MERGED from [com.android.support:recyclerview-v7:26.1.0] AndroidManifest.xml:20:5-44
MERGED from [com.android.support:cardview-v7:26.1.0] AndroidManifest.xml:20:5-44
MERGED from [com.android.support:cardview-v7:26.1.0] AndroidManifest.xml:20:5-44
MERGED from [de.hdodenhof:circleimageview:2.2.0] AndroidManifest.xml:5:5-7:41
MERGED from [de.hdodenhof:circleimageview:2.2.0] AndroidManifest.xml:5:5-7:41
MERGED from [com.yalantis:phoenix:1.2.3] AndroidManifest.xml:8:5-10:41
MERGED from [com.yalantis:phoenix:1.2.3] AndroidManifest.xml:8:5-10:41
MERGED from [com.jakewharton:butterknife:8.8.1] AndroidManifest.xml:5:5-43
MERGED from [com.jakewharton:butterknife:8.8.1] AndroidManifest.xml:5:5-43
MERGED from [com.github.yoavst:androidKotlin:1.5.1] AndroidManifest.xml:7:5-9:41
MERGED from [com.github.yoavst:androidKotlin:1.5.1] AndroidManifest.xml:7:5-9:41
MERGED from [com.github.chrisbanes:PhotoView:2.1.3] AndroidManifest.xml:8:5-10:41
MERGED from [com.github.chrisbanes:PhotoView:2.1.3] AndroidManifest.xml:8:5-10:41
MERGED from [nl.dionsegijn:konfetti:1.1.0] AndroidManifest.xml:7:5-9:41
MERGED from [nl.dionsegijn:konfetti:1.1.0] AndroidManifest.xml:7:5-9:41
MERGED from [com.github.pwittchen:weathericonview:1.1.0] AndroidManifest.xml:8:5-10:41
MERGED from [com.github.pwittchen:weathericonview:1.1.0] AndroidManifest.xml:8:5-10:41
MERGED from [com.android.support.constraint:constraint-layout:1.0.2] AndroidManifest.xml:5:5-7:41
MERGED from [com.android.support.constraint:constraint-layout:1.0.2] AndroidManifest.xml:5:5-7:41
MERGED from [cn.bmob.android:bmob-im:2.1.5] AndroidManifest.xml:7:5-9:41
MERGED from [cn.bmob.android:bmob-im:2.1.5] AndroidManifest.xml:7:5-9:41
MERGED from [cn.bmob.android:bmob-sdk:3.7.8] AndroidManifest.xml:7:5-9:41
MERGED from [cn.bmob.android:bmob-sdk:3.7.8] AndroidManifest.xml:7:5-9:41
MERGED from [com.android.support:transition:26.1.0] AndroidManifest.xml:20:5-44
MERGED from [com.android.support:transition:26.1.0] AndroidManifest.xml:20:5-44
MERGED from [com.github.chrisbanes.photoview:library:1.2.4] AndroidManifest.xml:7:5-9:41
MERGED from [com.github.chrisbanes.photoview:library:1.2.4] AndroidManifest.xml:7:5-9:41
MERGED from [com.android.support:support-v4:26.1.0] AndroidManifest.xml:21:5-23:54
MERGED from [com.android.support:support-v4:26.1.0] AndroidManifest.xml:21:5-23:54
MERGED from [com.android.support:support-media-compat:26.1.0] AndroidManifest.xml:21:5-23:63
MERGED from [com.android.support:support-media-compat:26.1.0] AndroidManifest.xml:21:5-23:63
MERGED from [com.android.support:support-fragment:26.1.0] AndroidManifest.xml:21:5-23:60
MERGED from [com.android.support:support-fragment:26.1.0] AndroidManifest.xml:21:5-23:60
MERGED from [com.android.support:animated-vector-drawable:26.1.0] AndroidManifest.xml:20:5-44
MERGED from [com.android.support:animated-vector-drawable:26.1.0] AndroidManifest.xml:20:5-44
MERGED from [com.android.support:support-core-ui:26.1.0] AndroidManifest.xml:21:5-23:58
MERGED from [com.android.support:support-core-ui:26.1.0] AndroidManifest.xml:21:5-23:58
MERGED from [com.android.support:support-vector-drawable:26.1.0] AndroidManifest.xml:20:5-44
MERGED from [com.android.support:support-vector-drawable:26.1.0] AndroidManifest.xml:20:5-44
MERGED from [com.android.support:support-core-utils:26.1.0] AndroidManifest.xml:21:5-23:61
MERGED from [com.android.support:support-core-utils:26.1.0] AndroidManifest.xml:21:5-23:61
MERGED from [com.android.support:support-compat:26.1.0] AndroidManifest.xml:21:5-23:58
MERGED from [com.android.support:support-compat:26.1.0] AndroidManifest.xml:21:5-23:58
MERGED from [it.sephiroth.android.library.imagezoom:library:1.0.4] AndroidManifest.xml:3:5-72
MERGED from [it.sephiroth.android.library.imagezoom:library:1.0.4] AndroidManifest.xml:3:5-72
MERGED from [it.sephiroth.android.library.easing:library:1.0.2] AndroidManifest.xml:3:5-72
MERGED from [it.sephiroth.android.library.easing:library:1.0.2] AndroidManifest.xml:3:5-72
MERGED from [android.arch.lifecycle:runtime:1.0.0] AndroidManifest.xml:20:5-22:41
MERGED from [android.arch.lifecycle:runtime:1.0.0] AndroidManifest.xml:20:5-22:41
INJECTED from src\main\AndroidManifest.xml
INJECTED from src\main\AndroidManifest.xml
	tools:overrideLibrary
		ADDED from [com.android.support:design:26.1.0] AndroidManifest.xml:23:9-59
	android:targetSdkVersion
		INJECTED from src\main\AndroidManifest.xml
		ADDED from src\main\AndroidManifest.xml
		INJECTED from src\main\AndroidManifest.xml
	android:minSdkVersion
		INJECTED from src\main\AndroidManifest.xml
		ADDED from src\main\AndroidManifest.xml
		INJECTED from src\main\AndroidManifest.xml
meta-data#android.support.VERSION
ADDED from [com.android.support:design:26.1.0] AndroidManifest.xml:26:9-28:38
MERGED from [com.android.support:appcompat-v7:26.1.0] AndroidManifest.xml:26:9-28:38
MERGED from [com.android.support:appcompat-v7:26.1.0] AndroidManifest.xml:26:9-28:38
MERGED from [com.android.support:recyclerview-v7:26.1.0] AndroidManifest.xml:23:9-25:38
MERGED from [com.android.support:recyclerview-v7:26.1.0] AndroidManifest.xml:23:9-25:38
MERGED from [com.android.support:cardview-v7:26.1.0] AndroidManifest.xml:23:9-25:38
MERGED from [com.android.support:cardview-v7:26.1.0] AndroidManifest.xml:23:9-25:38
MERGED from [com.android.support:transition:26.1.0] AndroidManifest.xml:23:9-25:38
MERGED from [com.android.support:transition:26.1.0] AndroidManifest.xml:23:9-25:38
MERGED from [com.android.support:support-v4:26.1.0] AndroidManifest.xml:26:9-28:38
MERGED from [com.android.support:support-v4:26.1.0] AndroidManifest.xml:26:9-28:38
MERGED from [com.android.support:support-media-compat:26.1.0] AndroidManifest.xml:26:9-28:38
MERGED from [com.android.support:support-media-compat:26.1.0] AndroidManifest.xml:26:9-28:38
MERGED from [com.android.support:support-fragment:26.1.0] AndroidManifest.xml:26:9-28:38
MERGED from [com.android.support:support-fragment:26.1.0] AndroidManifest.xml:26:9-28:38
MERGED from [com.android.support:animated-vector-drawable:26.1.0] AndroidManifest.xml:23:9-25:38
MERGED from [com.android.support:animated-vector-drawable:26.1.0] AndroidManifest.xml:23:9-25:38
MERGED from [com.android.support:support-core-ui:26.1.0] AndroidManifest.xml:26:9-28:38
MERGED from [com.android.support:support-core-ui:26.1.0] AndroidManifest.xml:26:9-28:38
MERGED from [com.android.support:support-vector-drawable:26.1.0] AndroidManifest.xml:23:9-25:38
MERGED from [com.android.support:support-vector-drawable:26.1.0] AndroidManifest.xml:23:9-25:38
MERGED from [com.android.support:support-core-utils:26.1.0] AndroidManifest.xml:26:9-28:38
MERGED from [com.android.support:support-core-utils:26.1.0] AndroidManifest.xml:26:9-28:38
MERGED from [com.android.support:support-compat:26.1.0] AndroidManifest.xml:26:9-28:38
MERGED from [com.android.support:support-compat:26.1.0] AndroidManifest.xml:26:9-28:38
	android:value
		ADDED from [com.android.support:design:26.1.0] AndroidManifest.xml:28:13-35
	android:name
		ADDED from [com.android.support:design:26.1.0] AndroidManifest.xml:27:13-51
activity#com.zhihu.matisse.ui.MatisseActivity
ADDED from [com.zhihu.android:matisse:0.4.3] AndroidManifest.xml:28:9-73
	android:name
		ADDED from [com.zhihu.android:matisse:0.4.3] AndroidManifest.xml:28:19-70
activity#com.zhihu.matisse.internal.ui.AlbumPreviewActivity
ADDED from [com.zhihu.android:matisse:0.4.3] AndroidManifest.xml:29:9-87
	android:name
		ADDED from [com.zhihu.android:matisse:0.4.3] AndroidManifest.xml:29:19-84
activity#com.zhihu.matisse.internal.ui.SelectedPreviewActivity
ADDED from [com.zhihu.android:matisse:0.4.3] AndroidManifest.xml:30:9-90
	android:name
		ADDED from [com.zhihu.android:matisse:0.4.3] AndroidManifest.xml:30:19-87
activity#com.lzy.ninegrid.preview.ImagePreviewActivity
ADDED from [com.lzy.widget:ninegridview:0.2.0] AndroidManifest.xml:16:9-18:75
	android:theme
		ADDED from [com.lzy.widget:ninegridview:0.2.0] AndroidManifest.xml:18:13-72
	android:name
		ADDED from [com.lzy.widget:ninegridview:0.2.0] AndroidManifest.xml:17:13-73
meta-data#android.arch.lifecycle.VERSION
ADDED from [android.arch.lifecycle:runtime:1.0.0] AndroidManifest.xml:25:9-27:47
	android:value
		ADDED from [android.arch.lifecycle:runtime:1.0.0] AndroidManifest.xml:27:13-44
	android:name
		ADDED from [android.arch.lifecycle:runtime:1.0.0] AndroidManifest.xml:26:13-58